# JRE version: Java(TM) SE Runtime Environment (11.0+28) (build 11+28)
# Java VM: Java HotSpot(TM) 64-Bit Server VM (11+28, mixed mode, tiered, compressed oops, g1 gc, windows-amd64)
Heap:
 garbage-first heap   total 65536K, used 51709K [0x00000000c1c00000, 0x0000000100000000)
  region size 1024K, 2 young (2048K), 1 survivors (1024K)
 Metaspace       used 14480K, capacity 14887K, committed 15104K, reserved 1062912K
  class space    used 1508K, capacity 1696K, committed 1792K, reserved 1048576K
GC Heap History (10 events):
Event: 50.768 GC heap before
{Heap before GC invocations=1 (full 0):
 garbage-first heap   total 65536K, used 50390K [0x00000000c1c00000, 0x0000000100000000)
  region size 1024K, 22 young (22528K), 2 survivors (2048K)
 Metaspace       used 12276K, capacity 12681K, committed 12928K, reserved 1060864K
  class space    used 1231K, capacity 1406K, committed 1408K, reserved 1048576K
}
Event: 50.781 GC heap after
{Heap after GC invocations=2 (full 0):
 garbage-first heap   total 65536K, used 30934K [0x00000000c1c00000, 0x0000000100000000)
  region size 1024K, 2 young (2048K), 2 survivors (2048K)
 Metaspace       used 12276K, capacity 12681K, committed 12928K, reserved 1060864K
  class space    used 1231K, capacity 1406K, committed 1408K, reserved 1048576K
}
Event: 50.923 GC heap before
{Heap before GC invocations=3 (full 0):
 garbage-first heap   total 65536K, used 37078K [0x00000000c1c00000, 0x0000000100000000)
  region size 1024K, 6 young (6144K), 2 survivors (2048K)
 Metaspace       used 12276K, capacity 12681K, committed 12928K, reserved 1060864K
  class space    used 1231K, capacity 1406K, committed 1408K, reserved 1048576K
}
Event: 50.942 GC heap after
{Heap after GC invocations=4 (full 0):
 garbage-first heap   total 65536K, used 35394K [0x00000000c1c00000, 0x0000000100000000)
  region size 1024K, 1 young (1024K), 1 survivors (1024K)
 Metaspace       used 12276K, capacity 12681K, committed 12928K, reserved 1060864K
  class space    used 1231K, capacity 1406K, committed 1408K, reserved 1048576K
}
Event: 51.630 GC heap before
{Heap before GC invocations=5 (full 0):
 garbage-first heap   total 65536K, used 42562K [0x00000000c1c00000, 0x0000000100000000)
  region size 1024K, 5 young (5120K), 1 survivors (1024K)
 Metaspace       used 12276K, capacity 12681K, committed 12928K, reserved 1060864K
  class space    used 1231K, capacity 1406K, committed 1408K, reserved 1048576K
}
Event: 51.631 GC heap after
{Heap after GC invocations=6 (full 0):
 garbage-first heap   total 65536K, used 39195K [0x00000000c1c00000, 0x0000000100000000)
  region size 1024K, 1 young (1024K), 1 survivors (1024K)
 Metaspace       used 12276K, capacity 12681K, committed 12928K, reserved 1060864K
  class space    used 1231K, capacity 1406K, committed 1408K, reserved 1048576K
}
Event: 52.052 GC heap before
{Heap before GC invocations=7 (full 0):
 garbage-first heap   total 65536K, used 46363K [0x00000000c1c00000, 0x0000000100000000)
  region size 1024K, 5 young (5120K), 1 survivors (1024K)
 Metaspace       used 12276K, capacity 12681K, committed 12928K, reserved 1060864K
  class space    used 1231K, capacity 1406K, committed 1408K, reserved 1048576K
}
Event: 52.054 GC heap after
{Heap after GC invocations=8 (full 0):
 garbage-first heap   total 65536K, used 43243K [0x00000000c1c00000, 0x0000000100000000)
  region size 1024K, 1 young (1024K), 1 survivors (1024K)
 Metaspace       used 12276K, capacity 12681K, committed 12928K, reserved 1060864K
  class space    used 1231K, capacity 1406K, committed 1408K, reserved 1048576K
}
Event: 73.712 GC heap before
{Heap before GC invocations=9 (full 0):
 garbage-first heap   total 65536K, used 51435K [0x00000000c1c00000, 0x0000000100000000)
  region size 1024K, 7 young (7168K), 1 survivors (1024K)
 Metaspace       used 13908K, capacity 14275K, committed 14464K, reserved 1062912K
  class space    used 1442K, capacity 1620K, committed 1664K, reserved 1048576K
}
Event: 73.717 GC heap after
{Heap after GC invocations=10 (full 0):
 garbage-first heap   total 65536K, used 47613K [0x00000000c1c00000, 0x0000000100000000)
  region size 1024K, 1 young (1024K), 1 survivors (1024K)
 Metaspace       used 13908K, capacity 14275K, committed 14464K, reserved 1062912K
  class space    used 1442K, capacity 1620K, committed 1664K, reserved 1048576K
}

